2019-03-16 20:03:01 DEBUG InventoryManagement:60 - This is DEBUG
2019-03-16 20:03:22 INFO  InventoryManagement:290 - This is INFO
2019-03-16 20:03:22 WARN  InventoryManagement:292 - This is WARN
2019-03-16 20:03:24 ERROR InventoryManagement:322 - This is ERROR
2019-03-16 20:03:24 DEBUG InventoryManagement:387 - This is DEBUG
2019-03-16 20:07:15 DEBUG InventoryManagement:60 - This is DEBUG
2019-03-16 20:07:32 INFO  InventoryManagement:290 - This is INFO
2019-03-16 20:07:32 WARN  InventoryManagement:292 - This is WARN
2019-03-16 20:07:34 ERROR InventoryManagement:322 - This is ERROR
2019-03-16 20:07:34 DEBUG InventoryManagement:387 - This is DEBUG
2019-03-17 08:01:26 DEBUG InventoryManagement:60 - This is DEBUG
2019-03-17 08:01:40 INFO  InventoryManagement:290 - This is INFO
2019-03-17 08:01:40 WARN  InventoryManagement:292 - This is WARN
2019-03-17 08:01:42 ERROR InventoryManagement:322 - This is ERROR
2019-03-17 08:01:42 DEBUG InventoryManagement:387 - This is DEBUG
2019-03-17 15:28:16 DEBUG InventoryManagement:60 - This is DEBUG
2019-03-17 15:28:36 INFO  InventoryManagement:290 - This is INFO
2019-03-17 15:28:36 WARN  InventoryManagement:292 - This is WARN
2019-03-17 15:28:38 ERROR InventoryManagement:322 - This is ERROR
2019-03-17 15:28:38 DEBUG InventoryManagement:387 - This is DEBUG
2019-03-17 21:18:25 DEBUG InventoryManagement:60 - This is DEBUG
2019-03-17 21:25:48 INFO  InventoryManagement:290 - This is INFO
2019-03-17 21:25:48 WARN  InventoryManagement:292 - This is WARN
2019-03-17 21:25:54 ERROR InventoryManagement:322 - This is ERROR
2019-03-17 21:25:54 DEBUG InventoryManagement:387 - This is DEBUG
2019-03-19 09:57:23 DEBUG InventoryManagement:66 - This is DEBUG
2019-03-19 09:57:23 INFO  InventoryManagement:68 - This is INFO
2019-03-19 09:57:23 WARN  InventoryManagement:70 - This is WARN
2019-03-19 09:57:23 ERROR InventoryManagement:72 - Sorry, something wrong!
2019-03-19 09:57:35 ERROR InventoryManagement:326 - This is ERROR
2019-03-19 19:01:06 DEBUG InventoryManagement:66 - This is DEBUG
2019-03-19 19:01:06 INFO  InventoryManagement:68 - This is INFO
2019-03-19 19:01:06 WARN  InventoryManagement:70 - This is WARN
2019-03-19 19:01:06 ERROR InventoryManagement:72 - Sorry, something wrong!
2019-03-19 19:01:06 INFO  Library:80 - adding book
2019-03-19 19:01:06 INFO  Library:82 - book added
2019-03-19 19:01:06 INFO  Library:80 - adding book
2019-03-19 19:01:06 INFO  Library:82 - book added
2019-03-19 19:01:06 INFO  Library:80 - adding book
2019-03-19 19:01:06 INFO  Library:82 - book added
2019-03-19 19:01:06 INFO  Library:80 - adding book
2019-03-19 19:01:06 INFO  Library:82 - book added
2019-03-19 19:01:06 INFO  Library:80 - adding book
2019-03-19 19:01:06 INFO  Library:82 - book added
2019-03-19 19:01:06 INFO  Library:80 - adding book
2019-03-19 19:01:06 INFO  Library:82 - book added
2019-03-19 19:01:06 INFO  Library:80 - adding book
2019-03-19 19:01:06 INFO  Library:82 - book added
2019-03-19 19:01:06 INFO  Library:80 - adding book
2019-03-19 19:01:06 INFO  Library:82 - book added
2019-03-19 19:01:06 INFO  Library:80 - adding book
2019-03-19 19:01:06 INFO  Library:82 - book added
2019-03-19 19:01:06 INFO  Library:80 - adding book
2019-03-19 19:01:06 INFO  Library:82 - book added
2019-03-19 19:01:06 INFO  Library:80 - adding book
2019-03-19 19:01:06 INFO  Library:82 - book added
2019-03-19 19:01:06 INFO  InventoryManagement:221 - reading file
2019-03-19 19:01:06 INFO  InventoryManagement:224 - syso line from file: 
2019-03-19 19:01:06 INFO  InventoryManagement:224 - syso line from file: In biblioteca se afla urmatoarele titluri:
2019-03-19 19:01:06 INFO  InventoryManagement:224 - syso line from file: 
2019-03-19 19:01:06 INFO  InventoryManagement:224 - syso line from file: ~1~ Book: nume = 'Prima carte' / nrPagini = 10 / ISBN 973-8180-59-7
2019-03-19 19:01:06 INFO  InventoryManagement:224 - syso line from file: ~2~ Book: nume = 'A doua carte' / nrPagini = 100 / ISBN 973-8190-49-1
2019-03-19 19:01:06 INFO  InventoryManagement:224 - syso line from file: ~3~ Novel: nume = 'Primul roman' / nrPagini = 100 / ISBN 973-8280-75-5 / gen literar = 'Fantasy'
2019-03-19 19:01:06 INFO  InventoryManagement:224 - syso line from file: ~4~ Novel: nume = 'Al doilea roman' / nrPagini = 500 / ISBN 973-8187-48-3 / gen literar = 'Policier'
2019-03-19 19:01:06 INFO  InventoryManagement:224 - syso line from file: ~5~ ArtAlbum: nume = 'Primul catalog de arta' / nrPagini = 20 / ISBN 973-8182-49-3 / calitateHartie = 'Basic'
2019-03-19 19:01:06 INFO  InventoryManagement:224 - syso line from file: ~6~ SculptureAlbum: nume = 'Primul catalog de sculptura' / nrPagini = 200 / ISBN 973-8184-43-7 / calitateHartie = 'Normal' / gen = 'Bronz timpuriu'
2019-03-19 19:01:06 INFO  InventoryManagement:224 - syso line from file: ~7~ SculptureAlbum: nume = 'Al doilea catalog de sculptura' / nrPagini = 200 / ISBN 973-8180-41-1 / calitateHartie = 'Extra' / gen = 'Marmura'
2019-03-19 19:01:06 INFO  InventoryManagement:224 - syso line from file: ~8~ Novel: nume = 'Al treilea roman' / nrPagini = 100 / ISBN 973-8180-49-2 / gen literar = 'Action'
2019-03-19 19:01:06 INFO  InventoryManagement:224 - syso line from file: ~9~ ArtAlbum: nume = 'Al treilea catalog de arta' / nrPagini = 40 / ISBN 973-8180-48-4 / calitateHartie = 'Basic'
2019-03-19 19:01:06 INFO  InventoryManagement:224 - syso line from file: ~10~ SculptureAlbum: nume = 'Al treilea catalog de sculptura' / nrPagini = 50 / ISBN 973-8179-45-5 / calitateHartie = 'Normal' / gen = 'Lemn'
2019-03-19 19:01:06 INFO  InventoryManagement:226 - file reading done
2019-03-19 19:01:32 ERROR InventoryManagement:328 - This is ERROR
2019-03-19 19:14:55 DEBUG InventoryManagement:66 - This is tew gaseste  DEBUG
2019-03-19 19:14:55 INFO  InventoryManagement:68 - This is INFO
2019-03-19 19:14:55 WARN  InventoryManagement:70 - This is WARN
2019-03-19 19:14:55 ERROR InventoryManagement:72 - Sorry, something wrong!
2019-03-19 19:14:55 INFO  Library:80 - adding book
2019-03-19 19:14:55 INFO  Library:82 - book added
2019-03-19 19:14:55 INFO  Library:80 - adding book
2019-03-19 19:14:55 INFO  Library:82 - book added
2019-03-19 19:14:55 INFO  Library:80 - adding book
2019-03-19 19:14:55 INFO  Library:82 - book added
2019-03-19 19:14:55 INFO  Library:80 - adding book
2019-03-19 19:14:55 INFO  Library:82 - book added
2019-03-19 19:14:55 INFO  Library:80 - adding book
2019-03-19 19:14:55 INFO  Library:82 - book added
2019-03-19 19:14:55 INFO  Library:80 - adding book
2019-03-19 19:14:55 INFO  Library:82 - book added
2019-03-19 19:14:55 INFO  Library:80 - adding book
2019-03-19 19:14:55 INFO  Library:82 - book added
2019-03-19 19:14:55 INFO  Library:80 - adding book
2019-03-19 19:14:55 INFO  Library:82 - book added
2019-03-19 19:14:55 INFO  Library:80 - adding book
2019-03-19 19:14:55 INFO  Library:82 - book added
2019-03-19 19:14:55 INFO  Library:80 - adding book
2019-03-19 19:14:55 INFO  Library:82 - book added
2019-03-19 19:14:55 INFO  Library:80 - adding book
2019-03-19 19:14:55 INFO  Library:82 - book added
2019-03-19 19:14:55 INFO  InventoryManagement:221 - reading file
2019-03-19 19:14:55 INFO  InventoryManagement:224 - syso line from file: 
2019-03-19 19:14:55 INFO  InventoryManagement:224 - syso line from file: In biblioteca se afla urmatoarele titluri:
2019-03-19 19:14:55 INFO  InventoryManagement:224 - syso line from file: 
2019-03-19 19:14:55 INFO  InventoryManagement:224 - syso line from file: ~1~ Book: nume = 'Prima carte' / nrPagini = 10 / ISBN 973-8180-59-7
2019-03-19 19:14:55 INFO  InventoryManagement:224 - syso line from file: ~2~ Book: nume = 'A doua carte' / nrPagini = 100 / ISBN 973-8190-49-1
2019-03-19 19:14:55 INFO  InventoryManagement:224 - syso line from file: ~3~ Novel: nume = 'Primul roman' / nrPagini = 100 / ISBN 973-8280-75-5 / gen literar = 'Fantasy'
2019-03-19 19:14:55 INFO  InventoryManagement:224 - syso line from file: ~4~ Novel: nume = 'Al doilea roman' / nrPagini = 500 / ISBN 973-8187-48-3 / gen literar = 'Policier'
2019-03-19 19:14:55 INFO  InventoryManagement:224 - syso line from file: ~5~ ArtAlbum: nume = 'Primul catalog de arta' / nrPagini = 20 / ISBN 973-8182-49-3 / calitateHartie = 'Basic'
2019-03-19 19:14:55 INFO  InventoryManagement:224 - syso line from file: ~6~ SculptureAlbum: nume = 'Primul catalog de sculptura' / nrPagini = 200 / ISBN 973-8184-43-7 / calitateHartie = 'Normal' / gen = 'Bronz timpuriu'
2019-03-19 19:14:55 INFO  InventoryManagement:224 - syso line from file: ~7~ SculptureAlbum: nume = 'Al doilea catalog de sculptura' / nrPagini = 200 / ISBN 973-8180-41-1 / calitateHartie = 'Extra' / gen = 'Marmura'
2019-03-19 19:14:55 INFO  InventoryManagement:224 - syso line from file: ~8~ Novel: nume = 'Al treilea roman' / nrPagini = 100 / ISBN 973-8180-49-2 / gen literar = 'Action'
2019-03-19 19:14:55 INFO  InventoryManagement:224 - syso line from file: ~9~ ArtAlbum: nume = 'Al treilea catalog de arta' / nrPagini = 40 / ISBN 973-8180-48-4 / calitateHartie = 'Basic'
2019-03-19 19:14:55 INFO  InventoryManagement:224 - syso line from file: ~10~ SculptureAlbum: nume = 'Al treilea catalog de sculptura' / nrPagini = 50 / ISBN 973-8179-45-5 / calitateHartie = 'Normal' / gen = 'Lemn'
2019-03-19 19:14:55 INFO  InventoryManagement:226 - file reading done
2019-03-19 19:28:08 DEBUG InventoryManagement:66 - This is tew gaseste  DEBUG
2019-03-19 19:28:08 INFO  InventoryManagement:68 - This is INFO
2019-03-19 19:28:08 WARN  InventoryManagement:70 - This is WARN
2019-03-19 19:28:08 ERROR InventoryManagement:72 - Sorry, something wrong!
2019-03-19 19:28:08 INFO  Library:80 - adding book
2019-03-19 19:28:08 INFO  Library:82 - book added
2019-03-19 19:28:08 INFO  Library:80 - adding book
2019-03-19 19:28:08 INFO  Library:82 - book added
2019-03-19 19:28:08 INFO  Library:80 - adding book
2019-03-19 19:28:08 INFO  Library:82 - book added
2019-03-19 19:28:08 INFO  Library:80 - adding book
2019-03-19 19:28:08 INFO  Library:82 - book added
2019-03-19 19:28:08 INFO  Library:80 - adding book
2019-03-19 19:28:08 INFO  Library:82 - book added
2019-03-19 19:28:08 INFO  Library:80 - adding book
2019-03-19 19:28:08 INFO  Library:82 - book added
2019-03-19 19:28:08 INFO  Library:80 - adding book
2019-03-19 19:28:08 INFO  Library:82 - book added
2019-03-19 19:28:08 INFO  Library:80 - adding book
2019-03-19 19:28:08 INFO  Library:82 - book added
2019-03-19 19:28:08 INFO  Library:80 - adding book
2019-03-19 19:28:08 INFO  Library:82 - book added
2019-03-19 19:28:08 INFO  Library:80 - adding book
2019-03-19 19:28:08 INFO  Library:82 - book added
2019-03-19 19:28:08 INFO  Library:80 - adding book
2019-03-19 19:28:08 INFO  Library:82 - book added
2019-03-19 19:28:08 INFO  InventoryManagement:221 - reading file
2019-03-19 19:28:08 INFO  InventoryManagement:224 - syso line from file: 
2019-03-19 19:28:08 INFO  InventoryManagement:224 - syso line from file: In biblioteca se afla urmatoarele titluri:
2019-03-19 19:28:08 INFO  InventoryManagement:224 - syso line from file: 
2019-03-19 19:28:08 INFO  InventoryManagement:224 - syso line from file: ~1~ Book: nume = 'Prima carte' / nrPagini = 10 / ISBN 973-8180-59-7
2019-03-19 19:28:08 INFO  InventoryManagement:224 - syso line from file: ~2~ Book: nume = 'A doua carte' / nrPagini = 100 / ISBN 973-8190-49-1
2019-03-19 19:28:08 INFO  InventoryManagement:224 - syso line from file: ~3~ Novel: nume = 'Primul roman' / nrPagini = 100 / ISBN 973-8280-75-5 / gen literar = 'Fantasy'
2019-03-19 19:28:08 INFO  InventoryManagement:224 - syso line from file: ~4~ Novel: nume = 'Al doilea roman' / nrPagini = 500 / ISBN 973-8187-48-3 / gen literar = 'Policier'
2019-03-19 19:28:08 INFO  InventoryManagement:224 - syso line from file: ~5~ ArtAlbum: nume = 'Primul catalog de arta' / nrPagini = 20 / ISBN 973-8182-49-3 / calitateHartie = 'Basic'
2019-03-19 19:28:08 INFO  InventoryManagement:224 - syso line from file: ~6~ SculptureAlbum: nume = 'Primul catalog de sculptura' / nrPagini = 200 / ISBN 973-8184-43-7 / calitateHartie = 'Normal' / gen = 'Bronz timpuriu'
2019-03-19 19:28:08 INFO  InventoryManagement:224 - syso line from file: ~7~ SculptureAlbum: nume = 'Al doilea catalog de sculptura' / nrPagini = 200 / ISBN 973-8180-41-1 / calitateHartie = 'Extra' / gen = 'Marmura'
2019-03-19 19:28:08 INFO  InventoryManagement:224 - syso line from file: ~8~ Novel: nume = 'Al treilea roman' / nrPagini = 100 / ISBN 973-8180-49-2 / gen literar = 'Action'
2019-03-19 19:28:08 INFO  InventoryManagement:224 - syso line from file: ~9~ ArtAlbum: nume = 'Al treilea catalog de arta' / nrPagini = 40 / ISBN 973-8180-48-4 / calitateHartie = 'Basic'
2019-03-19 19:28:08 INFO  InventoryManagement:224 - syso line from file: ~10~ SculptureAlbum: nume = 'Al treilea catalog de sculptura' / nrPagini = 50 / ISBN 973-8179-45-5 / calitateHartie = 'Normal' / gen = 'Lemn'
2019-03-19 19:28:08 INFO  InventoryManagement:226 - file reading done
