2019-03-22 00:09:14 INFO  Library:30 - Initializing test... 

2019-03-22 00:09:14 INFO  Library:71 - ...adding book...
2019-03-22 00:09:14 INFO  Library:73 - ...book added
2019-03-22 00:09:14 INFO  Library:75 - ...Test concluded.
2019-03-22 00:09:14 INFO  Library:30 - Initializing test... 

2019-03-22 00:09:14 INFO  Library:71 - ...adding book...
2019-03-22 00:09:14 INFO  Library:73 - ...book added
2019-03-22 00:09:14 INFO  Library:98 - Cartea cu titlul 'numeTest' exista in aceasta biblioteca. 

2019-03-22 00:09:14 INFO  Library:75 - ...Test concluded.
2019-03-22 00:09:14 INFO  Library:30 - Initializing test... 

2019-03-22 00:09:14 INFO  Library:71 - ...adding book...
2019-03-22 00:09:14 INFO  Library:73 - ...book added
2019-03-22 00:09:14 INFO  Library:114 - removing book
2019-03-22 00:09:14 INFO  Library:116 - book removed 

2019-03-22 00:09:14 INFO  Library:75 - ...Test concluded.
2019-03-22 00:10:22 INFO  Library:30 - Initializing test... 

2019-03-22 00:10:22 INFO  Library:71 - ...adding book...
2019-03-22 00:10:22 INFO  Library:73 - ...book added
2019-03-22 00:10:22 INFO  Library:75 - ...Test concluded.
2019-03-22 00:10:22 INFO  Library:30 - Initializing test... 

2019-03-22 00:10:22 INFO  Library:71 - ...adding book...
2019-03-22 00:10:22 INFO  Library:73 - ...book added
2019-03-22 00:10:22 INFO  Library:98 - Cartea cu titlul 'numeTest' exista in aceasta biblioteca. 

2019-03-22 00:10:22 INFO  Library:75 - ...Test concluded.
2019-03-22 00:10:22 INFO  Library:30 - Initializing test... 

2019-03-22 00:10:22 INFO  Library:71 - ...adding book...
2019-03-22 00:10:22 INFO  Library:73 - ...book added
2019-03-22 00:10:22 INFO  Library:114 - removing book
2019-03-22 00:10:22 INFO  Library:116 - book removed 

2019-03-22 00:10:22 INFO  Library:75 - ...Test concluded.
2019-03-22 00:10:32 INFO  Library:71 - ...adding book...
2019-03-22 00:10:32 INFO  Library:73 - ...book added
2019-03-22 00:10:32 INFO  Library:71 - ...adding book...
2019-03-22 00:10:32 INFO  Library:73 - ...book added
2019-03-22 00:10:32 INFO  Library:71 - ...adding book...
2019-03-22 00:10:32 INFO  Library:73 - ...book added
2019-03-22 00:10:32 INFO  Library:71 - ...adding book...
2019-03-22 00:10:32 INFO  Library:73 - ...book added
2019-03-22 00:10:32 INFO  Library:71 - ...adding book...
2019-03-22 00:10:32 INFO  Library:73 - ...book added
2019-03-22 00:10:32 INFO  Library:71 - ...adding book...
2019-03-22 00:10:32 INFO  Library:73 - ...book added
2019-03-22 00:10:32 INFO  Library:71 - ...adding book...
2019-03-22 00:10:32 INFO  Library:73 - ...book added
2019-03-22 00:10:32 INFO  Library:71 - ...adding book...
2019-03-22 00:10:32 INFO  Library:73 - ...book added
2019-03-22 00:10:32 INFO  Library:71 - ...adding book...
2019-03-22 00:10:32 INFO  Library:73 - ...book added
2019-03-22 00:10:32 INFO  Library:71 - ...adding book...
2019-03-22 00:10:32 INFO  Library:73 - ...book added
2019-03-22 00:10:32 INFO  Library:71 - ...adding book...
2019-03-22 00:10:32 INFO  Library:73 - ...book added
2019-03-22 00:10:32 INFO  Library:71 - ...adding book...
2019-03-22 00:10:32 INFO  Library:73 - ...book added
2019-03-22 00:10:32 INFO  Library:71 - ...adding book...
2019-03-22 00:10:32 INFO  Library:73 - ...book added
2019-03-22 00:10:32 INFO  Library:71 - ...adding book...
2019-03-22 00:10:32 INFO  Library:73 - ...book added
2019-03-22 00:10:32 INFO  Library:114 - removing book
2019-03-22 00:10:32 INFO  Library:116 - book removed 

2019-03-22 00:10:32 INFO  BookManager:230 - ...reading file...
2019-03-22 00:10:32 INFO  BookManager:235 - ...file reading done. 

2019-03-22 00:10:45 INFO  Library:98 - Cartea cu titlul 'Primul roman' exista in aceasta biblioteca. 

2019-03-22 00:11:23 ERROR BookManager:294 - *** The size of this item is too small to be kept in this library ***
2019-03-22 00:12:20 ERROR BookManager:294 - *** The size of this item is too small to be kept in this library ***
2019-03-22 00:13:10 INFO  BookManager:310 - 1) Book: nume = 'Zero vol 1' / nrPagini = 99 / ISBN 1234-456-78-9
2019-03-22 00:13:10 INFO  BookManager:310 - 2) Book: nume = 'Zero vol 2' / nrPagini = 100 / ISBN 1234-567-89-8
2019-03-22 00:13:10 INFO  BookManager:310 - 3) Book: nume = 'Zero vol 3' / nrPagini = 88 / ISBN 1234-567-89-7
2019-03-22 00:13:10 INFO  BookManager:310 - 4) Book: nume = 'Zero vol 4' / nrPagini = 456 / ISBN 1234-456-78-6
2019-03-22 00:13:10 INFO  BookManager:310 - 5) Book: nume = 'Zero vol 5' / nrPagini = 234 / ISBN 1234-567-89-5
2019-03-22 00:13:26 INFO  BookManager:331 - 1) Book: nume = 'Zero vol 1' / nrPagini = 99 / ISBN 1234-456-78-9
2019-03-22 00:13:26 INFO  BookManager:331 - 2) Book: nume = 'Zero vol 2' / nrPagini = 100 / ISBN 1234-567-89-8
2019-03-22 00:13:26 INFO  BookManager:331 - 3) Book: nume = 'Zero vol 3' / nrPagini = 88 / ISBN 1234-567-89-7
2019-03-22 00:13:26 INFO  BookManager:331 - 4) Book: nume = 'Zero vol 4' / nrPagini = 456 / ISBN 1234-456-78-6
2019-03-22 00:13:26 INFO  BookManager:390 - Size of LinkedHashSet is: 4 items.
2019-03-22 00:13:26 INFO  BookManager:392 - The original LinkedHashSet is [Book: nume = 'Prima carte' / nrPagini = 10 / ISBN 973-8180-59-7, Book: nume = 'A doua carte' / nrPagini = 100 / ISBN 973-8190-49-1, ArtAlbum: nume = 'Primul catalog de arta' / nrPagini = 20 / ISBN 973-8182-49-3 / calitateHartie = 'Basic', ArtAlbum: nume = 'Al doilea catalog de arta' / nrPagini = 40 / ISBN 973-8180-46-1 / calitateHartie = 'Extra']
2019-03-22 00:13:26 INFO  BookManager:394 - Removing 'carte1' from list  = true
2019-03-22 00:13:26 INFO  BookManager:396 - Trying to remove 'carte3' which is not present: false
2019-03-22 00:13:26 INFO  BookManager:398 - Checking if 'art1' is present = true
2019-03-22 00:13:26 INFO  BookManager:400 - Updated LinkedHashSet: [Book: nume = 'A doua carte' / nrPagini = 100 / ISBN 973-8190-49-1, ArtAlbum: nume = 'Primul catalog de arta' / nrPagini = 20 / ISBN 973-8182-49-3 / calitateHartie = 'Basic', ArtAlbum: nume = 'Al doilea catalog de arta' / nrPagini = 40 / ISBN 973-8180-46-1 / calitateHartie = 'Extra']
2019-03-22 00:13:26 INFO  BookManager:405 - Book: nume = 'A doua carte' / nrPagini = 100 / ISBN 973-8190-49-1
2019-03-22 00:13:26 INFO  BookManager:405 - ArtAlbum: nume = 'Primul catalog de arta' / nrPagini = 20 / ISBN 973-8182-49-3 / calitateHartie = 'Basic'
2019-03-22 00:13:26 INFO  BookManager:405 - ArtAlbum: nume = 'Al doilea catalog de arta' / nrPagini = 40 / ISBN 973-8180-46-1 / calitateHartie = 'Extra'
2019-03-22 00:13:26 INFO  BookManager:409 - LinkedHashSet after use of clear() method: []
